<?xml version="1.0" encoding="UTF-8"?>
<testng-results skipped="0" failed="1" ignored="0" total="2" passed="1">
  <reporter-output>
    <line>
      <![CDATA[in a]]>
    </line>
    <line>
      <![CDATA[testA]]>
    </line>
    <line>
      <![CDATA[in b]]>
    </line>
    <line>
      <![CDATA[testB]]>
    </line>
  </reporter-output>
  <suite name="Default suite" duration-ms="247" started-at="2017-12-11T03:12:12Z" finished-at="2017-12-11T03:12:12Z">
    <groups>
    </groups>
    <test name="Default test" duration-ms="247" started-at="2017-12-11T03:12:12Z" finished-at="2017-12-11T03:12:12Z">
      <class name="scripts.A">
        <test-method status="PASS" signature="testA()[pri:0, instance:scripts.A@2bbf4b8b]" name="testA" duration-ms="32" started-at="2017-12-11T08:42:12Z" finished-at="2017-12-11T08:42:12Z">
          <reporter-output>
            <line>
              <![CDATA[in a]]>
            </line>
          </reporter-output>
        </test-method> <!-- testA -->
        <test-method status="PASS" signature="check(org.testng.ITestResult)[pri:0, instance:scripts.A@2bbf4b8b]" name="check" is-config="true" duration-ms="5" started-at="2017-12-11T08:42:12Z" finished-at="2017-12-11T08:42:12Z">
          <params>
            <param index="0">
              <value>
                <![CDATA[[TestResult name=testA status=SUCCESS method=A.testA()[pri:0, instance:scripts.A@2bbf4b8b] output=in a]]]>
              </value>
            </param>
          </params>
          <reporter-output>
            <line>
              <![CDATA[testA]]>
            </line>
          </reporter-output>
        </test-method> <!-- check -->
        <test-method status="FAIL" signature="testB()[pri:0, instance:scripts.A@2bbf4b8b]" name="testB" duration-ms="36" started-at="2017-12-11T08:42:12Z" finished-at="2017-12-11T08:42:12Z">
          <exception class="java.lang.AssertionError">
            <full-stacktrace>
              <![CDATA[java.lang.AssertionErrorat org.junit.Assert.fail(Assert.java:86)at org.junit.Assert.assertTrue(Assert.java:41)at org.junit.Assert.assertTrue(Assert.java:52)at scripts.A.testB(A.java:23)at sun.reflect.NativeMethodAccessorImpl.invoke0(Native Method)at sun.reflect.NativeMethodAccessorImpl.invoke(Unknown Source)at sun.reflect.DelegatingMethodAccessorImpl.invoke(Unknown Source)at java.lang.reflect.Method.invoke(Unknown Source)at org.testng.internal.MethodInvocationHelper.invokeMethod(MethodInvocationHelper.java:124)at org.testng.internal.Invoker.invokeMethod(Invoker.java:571)at org.testng.internal.Invoker.invokeTestMethod(Invoker.java:707)at org.testng.internal.Invoker.invokeTestMethods(Invoker.java:979)at org.testng.internal.TestMethodWorker.invokeTestMethods(TestMethodWorker.java:125)at org.testng.internal.TestMethodWorker.run(TestMethodWorker.java:109)at org.testng.TestRunner.privateRun(TestRunner.java:648)at org.testng.TestRunner.run(TestRunner.java:505)at org.testng.SuiteRunner.runTest(SuiteRunner.java:455)at org.testng.SuiteRunner.runSequentially(SuiteRunner.java:450)at org.testng.SuiteRunner.privateRun(SuiteRunner.java:415)at org.testng.SuiteRunner.run(SuiteRunner.java:364)at org.testng.SuiteRunnerWorker.runSuite(SuiteRunnerWorker.java:52)at org.testng.SuiteRunnerWorker.run(SuiteRunnerWorker.java:84)at org.testng.TestNG.runSuitesSequentially(TestNG.java:1187)at org.testng.TestNG.runSuitesLocally(TestNG.java:1116)at org.testng.TestNG.runSuites(TestNG.java:1028)at org.testng.TestNG.run(TestNG.java:996)at org.testng.remote.AbstractRemoteTestNG.run(AbstractRemoteTestNG.java:114)at org.testng.remote.RemoteTestNG.initAndRun(RemoteTestNG.java:251)at org.testng.remote.RemoteTestNG.main(RemoteTestNG.java:77)]]>
            </full-stacktrace>
          </exception> <!-- java.lang.AssertionError -->
          <reporter-output>
            <line>
              <![CDATA[in b]]>
            </line>
          </reporter-output>
        </test-method> <!-- testB -->
        <test-method status="PASS" signature="check(org.testng.ITestResult)[pri:0, instance:scripts.A@2bbf4b8b]" name="check" is-config="true" duration-ms="2" started-at="2017-12-11T08:42:12Z" finished-at="2017-12-11T08:42:12Z">
          <params>
            <param index="0">
              <value>
                <![CDATA[[TestResult name=testB status=FAILURE method=A.testB()[pri:0, instance:scripts.A@2bbf4b8b] output=in b]]]>
              </value>
            </param>
          </params>
          <reporter-output>
            <line>
              <![CDATA[testB]]>
            </line>
          </reporter-output>
        </test-method> <!-- check -->
      </class> <!-- scripts.A -->
    </test> <!-- Default test -->
  </suite> <!-- Default suite -->
</testng-results>
